<?xml version="1.0" encoding="UTF-8"?>
<testsuite xmlns:xsi="http://www.w3.org/2001/XMLSchema-instance" xsi:noNamespaceSchemaLocation="https://maven.apache.org/surefire/maven-surefire-plugin/xsd/surefire-test-report.xsd" name="TestSuite" time="35.747" tests="22" errors="0" skipped="0" failures="2">
  <properties>
    <property name="sun.desktop" value="windows"/>
    <property name="awt.toolkit" value="sun.awt.windows.WToolkit"/>
    <property name="file.encoding.pkg" value="sun.io"/>
    <property name="java.specification.version" value="1.8"/>
    <property name="sun.cpu.isalist" value="amd64"/>
    <property name="sun.jnu.encoding" value="GBK"/>
    <property name="java.class.path" value="D:\projectj\testngexm\target\test-classes;D:\projectj\testngexm\target\classes;D:\repository\org\testng\testng\6.14.3\testng-6.14.3.jar;D:\repository\com\beust\jcommander\1.72\jcommander-1.72.jar;D:\repository\org\apache-extras\beanshell\bsh\2.0b6\bsh-2.0b6.jar;D:\repository\org\projectlombok\lombok\1.16.18\lombok-1.16.18.jar;D:\repository\io\qameta\allure\allure-testng\2.12.1\allure-testng-2.12.1.jar;D:\repository\io\qameta\allure\allure-java-commons\2.12.1\allure-java-commons-2.12.1.jar;D:\repository\io\qameta\allure\allure-model\2.12.1\allure-model-2.12.1.jar;D:\repository\org\slf4j\slf4j-api\1.7.25\slf4j-api-1.7.25.jar;D:\repository\com\fasterxml\jackson\core\jackson-databind\2.9.8\jackson-databind-2.9.8.jar;D:\repository\com\fasterxml\jackson\core\jackson-annotations\2.9.0\jackson-annotations-2.9.0.jar;D:\repository\com\fasterxml\jackson\core\jackson-core\2.9.8\jackson-core-2.9.8.jar;D:\repository\org\apache\tika\tika-core\1.20\tika-core-1.20.jar;D:\repository\org\jooq\joor-java-8\0.9.10\joor-java-8-0.9.10.jar;D:\repository\org\hamcrest\hamcrest-all\1.3\hamcrest-all-1.3.jar;"/>
    <property name="java.vm.vendor" value="Oracle Corporation"/>
    <property name="sun.arch.data.model" value="64"/>
    <property name="user.variant" value=""/>
    <property name="java.vendor.url" value="http://java.oracle.com/"/>
    <property name="user.timezone" value="Asia/Shanghai"/>
    <property name="java.vm.specification.version" value="1.8"/>
    <property name="os.name" value="Windows 10"/>
    <property name="user.country" value="CN"/>
    <property name="sun.java.launcher" value="SUN_STANDARD"/>
    <property name="sun.boot.library.path" value="C:\Program Files\Java\jdk1.8.0_201\jre\bin"/>
    <property name="sun.java.command" value="C:\Users\huyf9\AppData\Local\Temp\surefire7189681609684053405\surefirebooter8134009839364675943.jar C:\Users\huyf9\AppData\Local\Temp\surefire7189681609684053405 2020-01-16T10-43-40_382-jvmRun1 surefire5100116475095809614tmp surefire_06591216864584135433tmp"/>
    <property name="surefire.test.class.path" value="D:\projectj\testngexm\target\test-classes;D:\projectj\testngexm\target\classes;D:\repository\org\testng\testng\6.14.3\testng-6.14.3.jar;D:\repository\com\beust\jcommander\1.72\jcommander-1.72.jar;D:\repository\org\apache-extras\beanshell\bsh\2.0b6\bsh-2.0b6.jar;D:\repository\org\projectlombok\lombok\1.16.18\lombok-1.16.18.jar;D:\repository\io\qameta\allure\allure-testng\2.12.1\allure-testng-2.12.1.jar;D:\repository\io\qameta\allure\allure-java-commons\2.12.1\allure-java-commons-2.12.1.jar;D:\repository\io\qameta\allure\allure-model\2.12.1\allure-model-2.12.1.jar;D:\repository\org\slf4j\slf4j-api\1.7.25\slf4j-api-1.7.25.jar;D:\repository\com\fasterxml\jackson\core\jackson-databind\2.9.8\jackson-databind-2.9.8.jar;D:\repository\com\fasterxml\jackson\core\jackson-annotations\2.9.0\jackson-annotations-2.9.0.jar;D:\repository\com\fasterxml\jackson\core\jackson-core\2.9.8\jackson-core-2.9.8.jar;D:\repository\org\apache\tika\tika-core\1.20\tika-core-1.20.jar;D:\repository\org\jooq\joor-java-8\0.9.10\joor-java-8-0.9.10.jar;D:\repository\org\hamcrest\hamcrest-all\1.3\hamcrest-all-1.3.jar;"/>
    <property name="sun.cpu.endian" value="little"/>
    <property name="user.home" value="C:\Users\huyf9"/>
    <property name="user.language" value="zh"/>
    <property name="java.specification.vendor" value="Oracle Corporation"/>
    <property name="java.home" value="C:\Program Files\Java\jdk1.8.0_201\jre"/>
    <property name="basedir" value="D:\projectj\testngexm"/>
    <property name="file.separator" value="\"/>
    <property name="line.separator" value="&#10;"/>
    <property name="java.vm.specification.vendor" value="Oracle Corporation"/>
    <property name="java.specification.name" value="Java Platform API Specification"/>
    <property name="java.awt.graphicsenv" value="sun.awt.Win32GraphicsEnvironment"/>
    <property name="surefire.real.class.path" value="C:\Users\huyf9\AppData\Local\Temp\surefire7189681609684053405\surefirebooter8134009839364675943.jar;D:\repository/org/aspectj/aspectjweaver/1.9.4/aspectjweaver-1.9.4.jar"/>
    <property name="sun.boot.class.path" value="C:\Program Files\Java\jdk1.8.0_201\jre\lib\resources.jar;C:\Program Files\Java\jdk1.8.0_201\jre\lib\rt.jar;C:\Program Files\Java\jdk1.8.0_201\jre\lib\sunrsasign.jar;C:\Program Files\Java\jdk1.8.0_201\jre\lib\jsse.jar;C:\Program Files\Java\jdk1.8.0_201\jre\lib\jce.jar;C:\Program Files\Java\jdk1.8.0_201\jre\lib\charsets.jar;C:\Program Files\Java\jdk1.8.0_201\jre\lib\jfr.jar;C:\Program Files\Java\jdk1.8.0_201\jre\classes"/>
    <property name="user.script" value=""/>
    <property name="sun.management.compiler" value="HotSpot 64-Bit Tiered Compilers"/>
    <property name="java.runtime.version" value="1.8.0_201-b09"/>
    <property name="user.name" value="huyf9"/>
    <property name="path.separator" value=";"/>
    <property name="os.version" value="10.0"/>
    <property name="java.endorsed.dirs" value="C:\Program Files\Java\jdk1.8.0_201\jre\lib\endorsed"/>
    <property name="java.runtime.name" value="Java(TM) SE Runtime Environment"/>
    <property name="file.encoding" value="GBK"/>
    <property name="java.vm.name" value="Java HotSpot(TM) 64-Bit Server VM"/>
    <property name="localRepository" value="D:\repository"/>
    <property name="java.vendor.url.bug" value="http://bugreport.sun.com/bugreport/"/>
    <property name="java.io.tmpdir" value="C:\Users\huyf9\AppData\Local\Temp\"/>
    <property name="idea.version" value="2018.3.5"/>
    <property name="java.version" value="1.8.0_201"/>
    <property name="user.dir" value="D:\projectj\testngexm\target"/>
    <property name="os.arch" value="amd64"/>
    <property name="java.vm.specification.name" value="Java Virtual Machine Specification"/>
    <property name="java.awt.printerjob" value="sun.awt.windows.WPrinterJob"/>
    <property name="sun.os.patch.level" value=""/>
    <property name="java.library.path" value="C:\Program Files\Java\jdk1.8.0_201\jre\bin;C:\WINDOWS\Sun\Java\bin;C:\WINDOWS\system32;C:\WINDOWS;C:\WINDOWS\system32;C:\WINDOWS;C:\WINDOWS\System32\Wbem;C:\WINDOWS\System32\WindowsPowerShell\v1.0\;C:\Program Files\Git\cmd;D:\maven\apache-maven-3.3.9\bin;C:\Program Files\Java\jdk-11.0.2\bin;D:\mysql\mysql-5.6.43-win32\bin;D:\allure\allure-2.10.0;D:\gradle\gradle-5.3.1\bin;D:\groovy\groovy-2.5.6\bin;D:\mongo\bin;D:\putty\;C:\WINDOWS\System32\OpenSSH\;C:\Program Files\Intel\WiFi\bin\;C:\Program Files\Common Files\Intel\WirelessCommon\;C:\RailsInstaller\Git\cmd;C:\RailsInstaller\Ruby2.3.3\bin;C:\Users\huyf9\scoop\shims;C:\Users\huyf9\AppData\Local\Microsoft\WindowsApps;;D:\soft\fildder\Fiddler;C:\Users\huyf9\AppData\Local\Microsoft\WindowsApps;."/>
    <property name="java.vm.info" value="mixed mode"/>
    <property name="java.vendor" value="Oracle Corporation"/>
    <property name="java.vm.version" value="25.201-b09"/>
    <property name="java.ext.dirs" value="C:\Program Files\Java\jdk1.8.0_201\jre\lib\ext;C:\WINDOWS\Sun\Java\lib\ext"/>
    <property name="sun.io.unicode.encoding" value="UnicodeLittle"/>
    <property name="java.class.version" value="52.0"/>
  </properties>
  <testcase name="test1" classname="timeout.TestTimeOut" time="0.363">
    <failure message="Method timeout.TestTimeOut.test1() didn&apos;t finish within the time-out 240" type="org.testng.internal.thread.ThreadTimeoutException">org.testng.internal.thread.ThreadTimeoutException: Method timeout.TestTimeOut.test1() didn't finish within the time-out 240
	at timeout.TestTimeOut.test1(TestTimeOut.java:13)
</failure>
    <system-out><![CDATA[[TestNG] [WARN] Ignoring duplicate listener : io.qameta.allure.testng.AllureTestNg
[TestNG] [WARN] Ignoring duplicate listener : io.qameta.allure.testng.AllureTestNg
[TestNG] [WARN] Ignoring duplicate listener : io.qameta.allure.testng.AllureTestNg
[TestNG] [WARN] Ignoring duplicate listener : io.qameta.allure.testng.AllureTestNg
[TestNG] [WARN] Ignoring duplicate listener : io.qameta.allure.testng.AllureTestNg
[TestNG] [WARN] Ignoring duplicate listener : io.qameta.allure.testng.AllureTestNg
[TestNG] [WARN] Ignoring duplicate listener : listener.MyReporterListener
[TestNG] [WARN] Ignoring duplicate listener : io.qameta.allure.testng.AllureTestNg
[TestNG] [WARN] Ignoring duplicate listener : io.qameta.allure.testng.AllureTestNg
[TestNG] [WARN] Ignoring duplicate listener : io.qameta.allure.testng.AllureTestNg
[TestNG] [WARN] Ignoring duplicate listener : listener.MyReporterListener
[TestNG] [WARN] Ignoring duplicate listener : io.qameta.allure.testng.AllureTestNg
[TestNG] [WARN] Ignoring duplicate listener : io.qameta.allure.testng.AllureTestNg
[TestNG] [WARN] Ignoring duplicate listener : io.qameta.allure.testng.AllureTestNg
[TestNG] [WARN] Ignoring duplicate listener : listener.MyReporterListener
efefe
fefe
efefe
fefe
timeout test!!!
]]></system-out>
    <system-err><![CDATA[SLF4J: Failed to load class "org.slf4j.impl.StaticLoggerBinder".
SLF4J: Defaulting to no-operation (NOP) logger implementation
SLF4J: See http://www.slf4j.org/codes.html#StaticLoggerBinder for further details.
java.lang.InterruptedException: sleep interrupted
	at java.lang.Thread.sleep(Native Method)
	at timeout.TestTimeOut.test1(TestTimeOut.java:11)
	at sun.reflect.NativeMethodAccessorImpl.invoke0(Native Method)
	at sun.reflect.NativeMethodAccessorImpl.invoke(NativeMethodAccessorImpl.java:62)
	at sun.reflect.DelegatingMethodAccessorImpl.invoke(DelegatingMethodAccessorImpl.java:43)
	at java.lang.reflect.Method.invoke(Method.java:498)
	at org.testng.internal.MethodInvocationHelper.invokeMethod(MethodInvocationHelper.java:124)
	at org.testng.internal.InvokeMethodRunnable.runOne(InvokeMethodRunnable.java:54)
	at org.testng.internal.InvokeMethodRunnable.run(InvokeMethodRunnable.java:44)
	at java.util.concurrent.Executors$RunnableAdapter.call(Executors.java:511)
	at java.util.concurrent.FutureTask.run(FutureTask.java:266)
	at java.util.concurrent.ThreadPoolExecutor.runWorker(ThreadPoolExecutor.java:1149)
	at java.util.concurrent.ThreadPoolExecutor$Worker.run(ThreadPoolExecutor.java:624)
	at java.lang.Thread.run(Thread.java:748)
]]></system-err>
  </testcase>
  <testcase name="test2" classname="timeout.TestTimeOut" time="0.243">
    <failure message="Method timeout.TestTimeOut.test2() didn&apos;t finish within the time-out 240" type="org.testng.internal.thread.ThreadTimeoutException">org.testng.internal.thread.ThreadTimeoutException: Method timeout.TestTimeOut.test2() didn't finish within the time-out 240
	at timeout.TestTimeOut.test2(TestTimeOut.java:21)
</failure>
    <system-err><![CDATA[java.lang.InterruptedException: sleep interrupted
	at java.lang.Thread.sleep(Native Method)
	at timeout.TestTimeOut.test2(TestTimeOut.java:21)
	at sun.reflect.NativeMethodAccessorImpl.invoke0(Native Method)
	at sun.reflect.NativeMethodAccessorImpl.invoke(NativeMethodAccessorImpl.java:62)
]]></system-err>
  </testcase>
  <testcase name="test3" classname="parallel.Parallel1" time="0.003"/>
  <testcase name="test2" classname="parallel.Parallel1" time="0.003"/>
  <testcase name="tes1" classname="parallel.Parallel1" time="0.003"/>
  <testcase name="test1" classname="factory.Factory1" time="0.002"/>
  <testcase name="test2" classname="factory.Factory1" time="0.002"/>
  <testcase name="test1" classname="factory.FactoryTest" time="0.001"/>
  <testcase name="test1" classname="factory.FactoryTest" time="0.002"/>
  <testcase name="test2" classname="factory.FactoryTest" time="0.001"/>
  <testcase name="test2" classname="factory.FactoryTest" time="0.002"/>
  <testcase name="sout1" classname="factory.FactoryTest1" time="3.003"/>
  <testcase name="sout1" classname="factory.FactoryTest2" time="10.003"/>
  <testcase name="sout1" classname="factory.FactoryTest2" time="10.003"/>
  <testcase name="sout1" classname="factory.FactoryTest2" time="10.003"/>
  <testcase name="sout1" classname="factory.FactoryTest3" time="0.003"/>
  <testcase name="sout1" classname="factory.FactoryTest3" time="0.002"/>
  <testcase name="sout1" classname="factory.FactoryTest3" time="0.001"/>
  <testcase name="test1" classname="factory.TestDate" time="0.003"/>
  <testcase name="test1" classname="factory.TestDate" time="0.001"/>
  <testcase name="test2" classname="factory.TestDate" time="0.001"/>
  <testcase name="test2" classname="factory.TestDate" time="0.001"/>
</testsuite>